2023/03/15 02:18:45 [emerg] 1#1: host not found in upstream "php" in /etc/nginx/conf.d/default.conf:9
2023/03/15 02:19:52 [emerg] 1#1: host not found in upstream "php" in /etc/nginx/conf.d/default.conf:9
2023/03/15 02:21:15 [emerg] 1#1: host not found in upstream "php" in /etc/nginx/conf.d/default.conf:9
2023/03/15 02:22:22 [notice] 1#1: using the "epoll" event method
2023/03/15 02:22:22 [notice] 1#1: nginx/1.23.3
2023/03/15 02:22:22 [notice] 1#1: built by gcc 12.2.1 20220924 (Alpine 12.2.1_git20220924-r4) 
2023/03/15 02:22:22 [notice] 1#1: OS: Linux 5.15.79.1-microsoft-standard-WSL2
2023/03/15 02:22:22 [notice] 1#1: getrlimit(RLIMIT_NOFILE): 1048576:1048576
2023/03/15 02:22:22 [notice] 1#1: start worker processes
2023/03/15 02:22:22 [notice] 1#1: start worker process 29
2023/03/15 02:22:22 [notice] 1#1: start worker process 30
2023/03/15 02:22:22 [notice] 1#1: start worker process 31
2023/03/15 02:22:22 [notice] 1#1: start worker process 32
2023/03/15 02:22:22 [notice] 1#1: start worker process 33
2023/03/15 02:22:22 [notice] 1#1: start worker process 34
2023/03/15 02:22:22 [notice] 1#1: start worker process 35
2023/03/15 02:22:22 [notice] 1#1: start worker process 36
2023/03/15 02:22:34 [error] 29#29: *1 open() "/home/app/src/favicon.ico" failed (2: No such file or directory), client: 192.168.16.1, server: , request: "GET /favicon.ico HTTP/1.1", host: "localhost:8080", referrer: "http://localhost:8080/"
2023/03/15 02:27:24 [notice] 1#1: signal 3 (SIGQUIT) received, shutting down
2023/03/15 02:27:24 [notice] 29#29: gracefully shutting down
2023/03/15 02:27:24 [notice] 30#30: gracefully shutting down
2023/03/15 02:27:24 [notice] 31#31: gracefully shutting down
2023/03/15 02:27:24 [notice] 36#36: gracefully shutting down
2023/03/15 02:27:24 [notice] 29#29: exiting
2023/03/15 02:27:24 [notice] 34#34: gracefully shutting down
2023/03/15 02:27:24 [notice] 32#32: gracefully shutting down
2023/03/15 02:27:24 [notice] 33#33: gracefully shutting down
2023/03/15 02:27:24 [notice] 30#30: exiting
2023/03/15 02:27:24 [notice] 30#30: exit
2023/03/15 02:27:24 [notice] 29#29: exit
2023/03/15 02:27:24 [notice] 36#36: exiting
2023/03/15 02:27:24 [notice] 32#32: exiting
2023/03/15 02:27:24 [notice] 31#31: exiting
2023/03/15 02:27:24 [notice] 36#36: exit
2023/03/15 02:27:24 [notice] 33#33: exiting
2023/03/15 02:27:24 [notice] 31#31: exit
2023/03/15 02:27:24 [notice] 32#32: exit
2023/03/15 02:27:24 [notice] 34#34: exiting
2023/03/15 02:27:24 [notice] 33#33: exit
2023/03/15 02:27:24 [notice] 34#34: exit
2023/03/15 02:27:24 [notice] 35#35: gracefully shutting down
2023/03/15 02:27:24 [notice] 35#35: exiting
2023/03/15 02:27:24 [notice] 35#35: exit
2023/03/15 02:27:24 [notice] 1#1: signal 17 (SIGCHLD) received from 33
2023/03/15 02:27:24 [notice] 1#1: worker process 33 exited with code 0
2023/03/15 02:27:24 [notice] 1#1: signal 29 (SIGIO) received
2023/03/15 02:27:24 [notice] 1#1: signal 17 (SIGCHLD) received from 34
2023/03/15 02:27:24 [notice] 1#1: worker process 34 exited with code 0
2023/03/15 02:27:24 [notice] 1#1: worker process 36 exited with code 0
2023/03/15 02:27:24 [notice] 1#1: signal 29 (SIGIO) received
2023/03/15 02:27:24 [notice] 1#1: signal 17 (SIGCHLD) received from 31
2023/03/15 02:27:24 [notice] 1#1: worker process 29 exited with code 0
2023/03/15 02:27:24 [notice] 1#1: worker process 30 exited with code 0
2023/03/15 02:27:24 [notice] 1#1: worker process 31 exited with code 0
2023/03/15 02:27:24 [notice] 1#1: worker process 35 exited with code 0
2023/03/15 02:27:24 [notice] 1#1: signal 29 (SIGIO) received
2023/03/15 02:27:24 [notice] 1#1: signal 17 (SIGCHLD) received from 29
2023/03/15 02:27:24 [notice] 1#1: signal 17 (SIGCHLD) received from 32
2023/03/15 02:27:24 [notice] 1#1: worker process 32 exited with code 0
2023/03/15 02:27:24 [notice] 1#1: exit
2023/03/15 02:28:14 [emerg] 1#1: host not found in upstream "php" in /etc/nginx/conf.d/default.conf:9
2023/03/15 02:29:08 [emerg] 1#1: host not found in upstream "php" in /etc/nginx/conf.d/default.conf:9
2023/03/15 02:30:54 [notice] 1#1: using the "epoll" event method
2023/03/15 02:30:54 [notice] 1#1: nginx/1.23.3
2023/03/15 02:30:54 [notice] 1#1: built by gcc 12.2.1 20220924 (Alpine 12.2.1_git20220924-r4) 
2023/03/15 02:30:54 [notice] 1#1: OS: Linux 5.15.79.1-microsoft-standard-WSL2
2023/03/15 02:30:54 [notice] 1#1: getrlimit(RLIMIT_NOFILE): 1048576:1048576
2023/03/15 02:30:54 [notice] 1#1: start worker processes
2023/03/15 02:30:54 [notice] 1#1: start worker process 29
2023/03/15 02:30:54 [notice] 1#1: start worker process 30
2023/03/15 02:30:54 [notice] 1#1: start worker process 31
2023/03/15 02:30:54 [notice] 1#1: start worker process 32
2023/03/15 02:30:54 [notice] 1#1: start worker process 33
2023/03/15 02:30:54 [notice] 1#1: start worker process 34
2023/03/15 02:30:54 [notice] 1#1: start worker process 35
2023/03/15 02:30:54 [notice] 1#1: start worker process 36
2023/03/15 02:35:35 [notice] 1#1: signal 3 (SIGQUIT) received, shutting down
2023/03/15 02:35:35 [notice] 29#29: gracefully shutting down
2023/03/15 02:35:35 [notice] 33#33: gracefully shutting down
2023/03/15 02:35:35 [notice] 31#31: gracefully shutting down
2023/03/15 02:35:35 [notice] 30#30: gracefully shutting down
2023/03/15 02:35:35 [notice] 34#34: gracefully shutting down
2023/03/15 02:35:35 [notice] 32#32: gracefully shutting down
2023/03/15 02:35:35 [notice] 36#36: gracefully shutting down
2023/03/15 02:35:35 [notice] 30#30: exiting
2023/03/15 02:35:35 [notice] 29#29: exiting
2023/03/15 02:35:35 [notice] 32#32: exiting
2023/03/15 02:35:35 [notice] 31#31: exiting
2023/03/15 02:35:35 [notice] 33#33: exiting
2023/03/15 02:35:35 [notice] 36#36: exiting
2023/03/15 02:35:35 [notice] 34#34: exiting
2023/03/15 02:35:35 [notice] 31#31: exit
2023/03/15 02:35:35 [notice] 32#32: exit
2023/03/15 02:35:35 [notice] 36#36: exit
2023/03/15 02:35:35 [notice] 29#29: exit
2023/03/15 02:35:35 [notice] 33#33: exit
2023/03/15 02:35:35 [notice] 34#34: exit
2023/03/15 02:35:35 [notice] 30#30: exit
2023/03/15 02:35:35 [notice] 35#35: gracefully shutting down
2023/03/15 02:35:35 [notice] 35#35: exiting
2023/03/15 02:35:35 [notice] 35#35: exit
2023/03/15 02:35:35 [notice] 1#1: signal 17 (SIGCHLD) received from 34
2023/03/15 02:35:35 [notice] 1#1: worker process 29 exited with code 0
2023/03/15 02:35:35 [notice] 1#1: worker process 30 exited with code 0
2023/03/15 02:35:35 [notice] 1#1: worker process 31 exited with code 0
2023/03/15 02:35:35 [notice] 1#1: worker process 32 exited with code 0
2023/03/15 02:35:35 [notice] 1#1: worker process 33 exited with code 0
2023/03/15 02:35:35 [notice] 1#1: worker process 34 exited with code 0
2023/03/15 02:35:35 [notice] 1#1: worker process 36 exited with code 0
2023/03/15 02:35:35 [notice] 1#1: signal 29 (SIGIO) received
2023/03/15 02:35:35 [notice] 1#1: signal 17 (SIGCHLD) received from 29
2023/03/15 02:35:35 [notice] 1#1: worker process 35 exited with code 0
2023/03/15 02:35:35 [notice] 1#1: exit
2023/03/15 02:35:40 [notice] 1#1: using the "epoll" event method
2023/03/15 02:35:40 [notice] 1#1: nginx/1.23.3
2023/03/15 02:35:40 [notice] 1#1: built by gcc 12.2.1 20220924 (Alpine 12.2.1_git20220924-r4) 
2023/03/15 02:35:40 [notice] 1#1: OS: Linux 5.15.79.1-microsoft-standard-WSL2
2023/03/15 02:35:40 [notice] 1#1: getrlimit(RLIMIT_NOFILE): 1048576:1048576
2023/03/15 02:35:40 [notice] 1#1: start worker processes
2023/03/15 02:35:40 [notice] 1#1: start worker process 29
2023/03/15 02:35:40 [notice] 1#1: start worker process 30
2023/03/15 02:35:40 [notice] 1#1: start worker process 31
2023/03/15 02:35:40 [notice] 1#1: start worker process 32
2023/03/15 02:35:40 [notice] 1#1: start worker process 33
2023/03/15 02:35:40 [notice] 1#1: start worker process 34
2023/03/15 02:35:40 [notice] 1#1: start worker process 35
2023/03/15 02:35:40 [notice] 1#1: start worker process 36
2023/03/15 02:35:44 [error] 29#29: *1 "/home/app/src/index.php" is not found (2: No such file or directory), client: 192.168.96.1, server: , request: "GET / HTTP/1.1", host: "localhost:8080"
2023/03/15 02:36:04 [error] 29#29: *1 "/home/app/src/index.php" is not found (2: No such file or directory), client: 192.168.96.1, server: , request: "GET / HTTP/1.1", host: "localhost:8080"
2023/03/15 02:36:09 [error] 29#29: *1 "/home/app/src/index.php" is not found (2: No such file or directory), client: 192.168.96.1, server: , request: "GET / HTTP/1.1", host: "localhost:8080"
2023/03/15 02:40:09 [notice] 1#1: signal 3 (SIGQUIT) received, shutting down
2023/03/15 02:40:09 [notice] 29#29: gracefully shutting down
2023/03/15 02:40:09 [notice] 30#30: gracefully shutting down
2023/03/15 02:40:09 [notice] 35#35: gracefully shutting down
2023/03/15 02:40:09 [notice] 33#33: gracefully shutting down
2023/03/15 02:40:09 [notice] 34#34: gracefully shutting down
2023/03/15 02:40:09 [notice] 31#31: gracefully shutting down
2023/03/15 02:40:09 [notice] 32#32: gracefully shutting down
2023/03/15 02:40:09 [notice] 36#36: gracefully shutting down
2023/03/15 02:40:09 [notice] 30#30: exiting
2023/03/15 02:40:09 [notice] 35#35: exiting
2023/03/15 02:40:09 [notice] 33#33: exiting
2023/03/15 02:40:09 [notice] 29#29: exiting
2023/03/15 02:40:09 [notice] 36#36: exiting
2023/03/15 02:40:09 [notice] 31#31: exiting
2023/03/15 02:40:09 [notice] 29#29: exit
2023/03/15 02:40:09 [notice] 35#35: exit
2023/03/15 02:40:09 [notice] 33#33: exit
2023/03/15 02:40:09 [notice] 31#31: exit
2023/03/15 02:40:09 [notice] 36#36: exit
2023/03/15 02:40:09 [notice] 32#32: exiting
2023/03/15 02:40:09 [notice] 34#34: exiting
2023/03/15 02:40:09 [notice] 32#32: exit
2023/03/15 02:40:09 [notice] 34#34: exit
2023/03/15 02:40:09 [notice] 30#30: exit
2023/03/15 02:40:09 [notice] 1#1: signal 17 (SIGCHLD) received from 29
2023/03/15 02:40:09 [notice] 1#1: worker process 29 exited with code 0
2023/03/15 02:40:09 [notice] 1#1: worker process 30 exited with code 0
2023/03/15 02:40:09 [notice] 1#1: worker process 32 exited with code 0
2023/03/15 02:40:09 [notice] 1#1: worker process 34 exited with code 0
2023/03/15 02:40:09 [notice] 1#1: signal 29 (SIGIO) received
2023/03/15 02:40:09 [notice] 1#1: signal 17 (SIGCHLD) received from 36
2023/03/15 02:40:09 [notice] 1#1: worker process 33 exited with code 0
2023/03/15 02:40:09 [notice] 1#1: worker process 36 exited with code 0
2023/03/15 02:40:09 [notice] 1#1: signal 29 (SIGIO) received
2023/03/15 02:40:09 [notice] 1#1: signal 17 (SIGCHLD) received from 33
2023/03/15 02:40:09 [notice] 1#1: signal 17 (SIGCHLD) received from 35
2023/03/15 02:40:09 [notice] 1#1: worker process 35 exited with code 0
2023/03/15 02:40:09 [notice] 1#1: signal 29 (SIGIO) received
2023/03/15 02:40:09 [notice] 1#1: signal 17 (SIGCHLD) received from 31
2023/03/15 02:40:09 [notice] 1#1: worker process 31 exited with code 0
2023/03/15 02:40:09 [notice] 1#1: exit
2023/03/15 02:40:15 [notice] 1#1: using the "epoll" event method
2023/03/15 02:40:15 [notice] 1#1: nginx/1.23.3
2023/03/15 02:40:15 [notice] 1#1: built by gcc 12.2.1 20220924 (Alpine 12.2.1_git20220924-r4) 
2023/03/15 02:40:15 [notice] 1#1: OS: Linux 5.15.79.1-microsoft-standard-WSL2
2023/03/15 02:40:15 [notice] 1#1: getrlimit(RLIMIT_NOFILE): 1048576:1048576
2023/03/15 02:40:15 [notice] 1#1: start worker processes
2023/03/15 02:40:15 [notice] 1#1: start worker process 29
2023/03/15 02:40:15 [notice] 1#1: start worker process 30
2023/03/15 02:40:15 [notice] 1#1: start worker process 31
2023/03/15 02:40:15 [notice] 1#1: start worker process 32
2023/03/15 02:40:15 [notice] 1#1: start worker process 33
2023/03/15 02:40:15 [notice] 1#1: start worker process 34
2023/03/15 02:40:15 [notice] 1#1: start worker process 35
2023/03/15 02:40:15 [notice] 1#1: start worker process 36
2023/03/15 02:40:18 [error] 30#30: *1 "/home/app/src/index.php" is not found (2: No such file or directory), client: 192.168.112.1, server: , request: "GET / HTTP/1.1", host: "localhost:8080"
2023/03/15 02:40:31 [notice] 1#1: signal 3 (SIGQUIT) received, shutting down
2023/03/15 02:40:31 [notice] 29#29: gracefully shutting down
2023/03/15 02:40:31 [notice] 32#32: gracefully shutting down
2023/03/15 02:40:31 [notice] 29#29: exiting
2023/03/15 02:40:31 [notice] 32#32: exiting
2023/03/15 02:40:31 [notice] 32#32: exit
2023/03/15 02:40:31 [notice] 29#29: exit
2023/03/15 02:40:31 [notice] 33#33: gracefully shutting down
2023/03/15 02:40:31 [notice] 31#31: gracefully shutting down
2023/03/15 02:40:31 [notice] 33#33: exiting
2023/03/15 02:40:31 [notice] 31#31: exiting
2023/03/15 02:40:31 [notice] 33#33: exit
2023/03/15 02:40:31 [notice] 31#31: exit
2023/03/15 02:40:31 [notice] 30#30: gracefully shutting down
2023/03/15 02:40:31 [notice] 35#35: gracefully shutting down
2023/03/15 02:40:31 [notice] 35#35: exiting
2023/03/15 02:40:31 [notice] 35#35: exit
2023/03/15 02:40:31 [notice] 36#36: gracefully shutting down
2023/03/15 02:40:31 [notice] 34#34: gracefully shutting down
2023/03/15 02:40:31 [notice] 36#36: exiting
2023/03/15 02:40:31 [notice] 34#34: exiting
2023/03/15 02:40:31 [notice] 36#36: exit
2023/03/15 02:40:31 [notice] 34#34: exit
2023/03/15 02:40:31 [notice] 30#30: exiting
2023/03/15 02:40:31 [notice] 30#30: exit
2023/03/15 02:40:32 [notice] 1#1: signal 17 (SIGCHLD) received from 32
2023/03/15 02:40:32 [notice] 1#1: worker process 30 exited with code 0
2023/03/15 02:40:32 [notice] 1#1: worker process 32 exited with code 0
2023/03/15 02:40:32 [notice] 1#1: worker process 33 exited with code 0
2023/03/15 02:40:32 [notice] 1#1: signal 29 (SIGIO) received
2023/03/15 02:40:32 [notice] 1#1: signal 17 (SIGCHLD) received from 29
2023/03/15 02:40:32 [notice] 1#1: worker process 29 exited with code 0
2023/03/15 02:40:32 [notice] 1#1: worker process 31 exited with code 0
2023/03/15 02:40:32 [notice] 1#1: worker process 35 exited with code 0
2023/03/15 02:40:32 [notice] 1#1: worker process 36 exited with code 0
2023/03/15 02:40:32 [notice] 1#1: signal 29 (SIGIO) received
2023/03/15 02:40:32 [notice] 1#1: signal 17 (SIGCHLD) received from 34
2023/03/15 02:40:32 [notice] 1#1: worker process 34 exited with code 0
2023/03/15 02:40:32 [notice] 1#1: exit
2023/03/15 02:42:16 [emerg] 1#1: host not found in upstream "php-fpm" in /etc/nginx/conf.d/default.conf:18
2023/03/15 02:44:08 [notice] 1#1: using the "epoll" event method
2023/03/15 02:44:08 [notice] 1#1: nginx/1.23.3
2023/03/15 02:44:08 [notice] 1#1: built by gcc 12.2.1 20220924 (Alpine 12.2.1_git20220924-r4) 
2023/03/15 02:44:08 [notice] 1#1: OS: Linux 5.15.79.1-microsoft-standard-WSL2
2023/03/15 02:44:08 [notice] 1#1: getrlimit(RLIMIT_NOFILE): 1048576:1048576
2023/03/15 02:44:08 [notice] 1#1: start worker processes
2023/03/15 02:44:08 [notice] 1#1: start worker process 29
2023/03/15 02:44:08 [notice] 1#1: start worker process 30
2023/03/15 02:44:08 [notice] 1#1: start worker process 31
2023/03/15 02:44:08 [notice] 1#1: start worker process 32
2023/03/15 02:44:08 [notice] 1#1: start worker process 33
2023/03/15 02:44:08 [notice] 1#1: start worker process 34
2023/03/15 02:44:08 [notice] 1#1: start worker process 35
2023/03/15 02:44:08 [notice] 1#1: start worker process 36
2023/03/15 02:46:46 [notice] 1#1: signal 3 (SIGQUIT) received, shutting down
2023/03/15 02:46:46 [notice] 29#29: gracefully shutting down
2023/03/15 02:46:46 [notice] 30#30: gracefully shutting down
2023/03/15 02:46:46 [notice] 34#34: gracefully shutting down
2023/03/15 02:46:46 [notice] 29#29: exiting
2023/03/15 02:46:46 [notice] 30#30: exiting
2023/03/15 02:46:46 [notice] 34#34: exiting
2023/03/15 02:46:46 [notice] 30#30: exit
2023/03/15 02:46:46 [notice] 29#29: exit
2023/03/15 02:46:46 [notice] 34#34: exit
2023/03/15 02:46:46 [notice] 33#33: gracefully shutting down
2023/03/15 02:46:46 [notice] 35#35: gracefully shutting down
2023/03/15 02:46:46 [notice] 33#33: exiting
2023/03/15 02:46:46 [notice] 35#35: exiting
2023/03/15 02:46:46 [notice] 33#33: exit
2023/03/15 02:46:46 [notice] 35#35: exit
2023/03/15 02:46:46 [notice] 36#36: gracefully shutting down
2023/03/15 02:46:46 [notice] 36#36: exiting
2023/03/15 02:46:46 [notice] 36#36: exit
2023/03/15 02:46:46 [notice] 31#31: gracefully shutting down
2023/03/15 02:46:46 [notice] 31#31: exiting
2023/03/15 02:46:46 [notice] 32#32: gracefully shutting down
2023/03/15 02:46:46 [notice] 32#32: exiting
2023/03/15 02:46:46 [notice] 31#31: exit
2023/03/15 02:46:46 [notice] 32#32: exit
2023/03/15 02:46:46 [notice] 1#1: signal 17 (SIGCHLD) received from 34
2023/03/15 02:46:46 [notice] 1#1: worker process 34 exited with code 0
2023/03/15 02:46:46 [notice] 1#1: signal 29 (SIGIO) received
2023/03/15 02:46:46 [notice] 1#1: signal 17 (SIGCHLD) received from 30
2023/03/15 02:46:46 [notice] 1#1: worker process 30 exited with code 0
2023/03/15 02:46:46 [notice] 1#1: worker process 32 exited with code 0
2023/03/15 02:46:46 [notice] 1#1: worker process 33 exited with code 0
2023/03/15 02:46:46 [notice] 1#1: worker process 36 exited with code 0
2023/03/15 02:46:46 [notice] 1#1: signal 29 (SIGIO) received
2023/03/15 02:46:46 [notice] 1#1: signal 17 (SIGCHLD) received from 36
2023/03/15 02:46:46 [notice] 1#1: signal 17 (SIGCHLD) received from 35
2023/03/15 02:46:46 [notice] 1#1: worker process 29 exited with code 0
2023/03/15 02:46:46 [notice] 1#1: worker process 31 exited with code 0
2023/03/15 02:46:46 [notice] 1#1: worker process 35 exited with code 0
2023/03/15 02:46:46 [notice] 1#1: exit
2023/03/15 02:46:51 [notice] 1#1: using the "epoll" event method
2023/03/15 02:46:51 [notice] 1#1: nginx/1.23.3
2023/03/15 02:46:51 [notice] 1#1: built by gcc 12.2.1 20220924 (Alpine 12.2.1_git20220924-r4) 
2023/03/15 02:46:51 [notice] 1#1: OS: Linux 5.15.79.1-microsoft-standard-WSL2
2023/03/15 02:46:51 [notice] 1#1: getrlimit(RLIMIT_NOFILE): 1048576:1048576
2023/03/15 02:46:51 [notice] 1#1: start worker processes
2023/03/15 02:46:51 [notice] 1#1: start worker process 29
2023/03/15 02:46:51 [notice] 1#1: start worker process 30
2023/03/15 02:46:51 [notice] 1#1: start worker process 31
2023/03/15 02:46:51 [notice] 1#1: start worker process 32
2023/03/15 02:46:51 [notice] 1#1: start worker process 33
2023/03/15 02:46:51 [notice] 1#1: start worker process 34
2023/03/15 02:46:51 [notice] 1#1: start worker process 35
2023/03/15 02:46:51 [notice] 1#1: start worker process 36
2023/03/15 02:47:28 [notice] 1#1: signal 3 (SIGQUIT) received, shutting down
2023/03/15 02:47:28 [notice] 29#29: gracefully shutting down
2023/03/15 02:47:28 [notice] 29#29: exiting
2023/03/15 02:47:28 [notice] 30#30: gracefully shutting down
2023/03/15 02:47:28 [notice] 30#30: exiting
2023/03/15 02:47:28 [notice] 29#29: exit
2023/03/15 02:47:28 [notice] 30#30: exit
2023/03/15 02:47:28 [notice] 31#31: gracefully shutting down
2023/03/15 02:47:28 [notice] 31#31: exiting
2023/03/15 02:47:28 [notice] 31#31: exit
2023/03/15 02:47:28 [notice] 32#32: gracefully shutting down
2023/03/15 02:47:28 [notice] 32#32: exiting
2023/03/15 02:47:28 [notice] 32#32: exit
2023/03/15 02:47:28 [notice] 33#33: gracefully shutting down
2023/03/15 02:47:28 [notice] 33#33: exiting
2023/03/15 02:47:28 [notice] 33#33: exit
2023/03/15 02:47:28 [notice] 34#34: gracefully shutting down
2023/03/15 02:47:28 [notice] 34#34: exiting
2023/03/15 02:47:28 [notice] 35#35: gracefully shutting down
2023/03/15 02:47:28 [notice] 36#36: gracefully shutting down
2023/03/15 02:47:28 [notice] 34#34: exit
2023/03/15 02:47:28 [notice] 35#35: exiting
2023/03/15 02:47:28 [notice] 36#36: exiting
2023/03/15 02:47:28 [notice] 35#35: exit
2023/03/15 02:47:28 [notice] 36#36: exit
2023/03/15 02:47:28 [notice] 1#1: signal 17 (SIGCHLD) received from 35
2023/03/15 02:47:28 [notice] 1#1: worker process 30 exited with code 0
2023/03/15 02:47:28 [notice] 1#1: worker process 35 exited with code 0
2023/03/15 02:47:28 [notice] 1#1: signal 29 (SIGIO) received
2023/03/15 02:47:28 [notice] 1#1: signal 17 (SIGCHLD) received from 29
2023/03/15 02:47:28 [notice] 1#1: worker process 29 exited with code 0
2023/03/15 02:47:28 [notice] 1#1: worker process 31 exited with code 0
2023/03/15 02:47:28 [notice] 1#1: signal 29 (SIGIO) received
2023/03/15 02:47:28 [notice] 1#1: signal 17 (SIGCHLD) received from 32
2023/03/15 02:47:28 [notice] 1#1: worker process 32 exited with code 0
2023/03/15 02:47:28 [notice] 1#1: worker process 33 exited with code 0
2023/03/15 02:47:28 [notice] 1#1: worker process 34 exited with code 0
2023/03/15 02:47:28 [notice] 1#1: signal 29 (SIGIO) received
2023/03/15 02:47:28 [notice] 1#1: signal 17 (SIGCHLD) received from 36
2023/03/15 02:47:28 [notice] 1#1: worker process 36 exited with code 0
2023/03/15 02:47:28 [notice] 1#1: exit
2023/03/15 02:47:30 [notice] 1#1: using the "epoll" event method
2023/03/15 02:47:30 [notice] 1#1: nginx/1.23.3
2023/03/15 02:47:30 [notice] 1#1: built by gcc 12.2.1 20220924 (Alpine 12.2.1_git20220924-r4) 
2023/03/15 02:47:30 [notice] 1#1: OS: Linux 5.15.79.1-microsoft-standard-WSL2
2023/03/15 02:47:30 [notice] 1#1: getrlimit(RLIMIT_NOFILE): 1048576:1048576
2023/03/15 02:47:30 [notice] 1#1: start worker processes
2023/03/15 02:47:30 [notice] 1#1: start worker process 29
2023/03/15 02:47:30 [notice] 1#1: start worker process 30
2023/03/15 02:47:30 [notice] 1#1: start worker process 31
2023/03/15 02:47:30 [notice] 1#1: start worker process 32
2023/03/15 02:47:30 [notice] 1#1: start worker process 33
2023/03/15 02:47:30 [notice] 1#1: start worker process 34
2023/03/15 02:47:30 [notice] 1#1: start worker process 35
2023/03/15 02:47:30 [notice] 1#1: start worker process 36
2023/03/15 02:47:58 [notice] 1#1: signal 3 (SIGQUIT) received, shutting down
2023/03/15 02:47:58 [notice] 29#29: gracefully shutting down
2023/03/15 02:47:58 [notice] 33#33: gracefully shutting down
2023/03/15 02:47:58 [notice] 29#29: exiting
2023/03/15 02:47:58 [notice] 33#33: exiting
2023/03/15 02:47:58 [notice] 29#29: exit
2023/03/15 02:47:58 [notice] 33#33: exit
2023/03/15 02:47:58 [notice] 34#34: gracefully shutting down
2023/03/15 02:47:58 [notice] 34#34: exiting
2023/03/15 02:47:58 [notice] 31#31: gracefully shutting down
2023/03/15 02:47:58 [notice] 34#34: exit
2023/03/15 02:47:58 [notice] 31#31: exiting
2023/03/15 02:47:58 [notice] 31#31: exit
2023/03/15 02:47:58 [notice] 30#30: gracefully shutting down
2023/03/15 02:47:58 [notice] 30#30: exiting
2023/03/15 02:47:58 [notice] 30#30: exit
2023/03/15 02:47:58 [notice] 32#32: gracefully shutting down
2023/03/15 02:47:58 [notice] 32#32: exiting
2023/03/15 02:47:58 [notice] 32#32: exit
2023/03/15 02:47:58 [notice] 36#36: gracefully shutting down
2023/03/15 02:47:58 [notice] 35#35: gracefully shutting down
2023/03/15 02:47:58 [notice] 36#36: exiting
2023/03/15 02:47:58 [notice] 35#35: exiting
2023/03/15 02:47:58 [notice] 36#36: exit
2023/03/15 02:47:58 [notice] 35#35: exit
2023/03/15 02:47:58 [notice] 1#1: signal 17 (SIGCHLD) received from 35
2023/03/15 02:47:58 [notice] 1#1: worker process 35 exited with code 0
2023/03/15 02:47:58 [notice] 1#1: signal 29 (SIGIO) received
2023/03/15 02:47:58 [notice] 1#1: signal 17 (SIGCHLD) received from 36
2023/03/15 02:47:58 [notice] 1#1: worker process 36 exited with code 0
2023/03/15 02:47:58 [notice] 1#1: signal 29 (SIGIO) received
2023/03/15 02:47:58 [notice] 1#1: signal 17 (SIGCHLD) received from 32
2023/03/15 02:47:58 [notice] 1#1: worker process 32 exited with code 0
2023/03/15 02:47:58 [notice] 1#1: signal 29 (SIGIO) received
2023/03/15 02:47:58 [notice] 1#1: signal 17 (SIGCHLD) received from 30
2023/03/15 02:47:58 [notice] 1#1: worker process 29 exited with code 0
2023/03/15 02:47:58 [notice] 1#1: worker process 30 exited with code 0
2023/03/15 02:47:58 [notice] 1#1: worker process 31 exited with code 0
2023/03/15 02:47:58 [notice] 1#1: worker process 33 exited with code 0
2023/03/15 02:47:58 [notice] 1#1: worker process 34 exited with code 0
2023/03/15 02:47:58 [notice] 1#1: exit
2023/03/15 02:48:03 [notice] 1#1: using the "epoll" event method
2023/03/15 02:48:03 [notice] 1#1: nginx/1.23.3
2023/03/15 02:48:03 [notice] 1#1: built by gcc 12.2.1 20220924 (Alpine 12.2.1_git20220924-r4) 
2023/03/15 02:48:03 [notice] 1#1: OS: Linux 5.15.79.1-microsoft-standard-WSL2
2023/03/15 02:48:03 [notice] 1#1: getrlimit(RLIMIT_NOFILE): 1048576:1048576
2023/03/15 02:48:03 [notice] 1#1: start worker processes
2023/03/15 02:48:03 [notice] 1#1: start worker process 30
2023/03/15 02:48:03 [notice] 1#1: start worker process 31
2023/03/15 02:48:03 [notice] 1#1: start worker process 32
2023/03/15 02:48:03 [notice] 1#1: start worker process 33
2023/03/15 02:48:03 [notice] 1#1: start worker process 34
2023/03/15 02:48:03 [notice] 1#1: start worker process 35
2023/03/15 02:48:03 [notice] 1#1: start worker process 36
2023/03/15 02:48:03 [notice] 1#1: start worker process 37
